<?xml version="1.0" encoding="UTF-8"?>
<!-- Generated by org.testng.reporters.JUnitReportReporter -->
<testsuite skipped="0" hostname="LAPTOP-EP5F0OPV" name="com.ust.assignment.pomframework.util.TestBaseImpl" tests="1" failures="0" timestamp="2020-10-21T12:43:55 IST" time="71.568" errors="1">
  <testcase name="setUp" time="71.568" classname="com.ust.assignment.pomframework.util.TestBaseImpl">
    <error type="org.openqa.selenium.WebDriverException" message="chrome not reachable
Build info: version: &#039;3.141.59&#039;, revision: &#039;e82be7d358&#039;, time: &#039;2018-11-14T08:17:03&#039;
System info: host: &#039;LAPTOP-EP5F0OPV&#039;, ip: &#039;192.168.43.70&#039;, os.name: &#039;Windows 10&#039;, os.arch: &#039;amd64&#039;, os.version: &#039;10.0&#039;, java.version: &#039;1.8.0_261&#039;
Driver info: driver.version: ChromeDriver
remote stacktrace: Backtrace:
	Ordinal0 [0x00E6D383+3134339]
	Ordinal0 [0x00D5A171+2007409]
	Ordinal0 [0x00BFAD90+568720]
	Ordinal0 [0x00BF1294+529044]
	Ordinal0 [0x00B80F78+69496]
	Ordinal0 [0x00B7CC63+52323]
	Ordinal0 [0x00BA0DFC+200188]
	Ordinal0 [0x00BA0C1D+199709]
	Ordinal0 [0x00B9EB0B+191243]
	Ordinal0 [0x00B82E77+77431]
	Ordinal0 [0x00B83E3E+81470]
	Ordinal0 [0x00B83DC9+81353]
	Ordinal0 [0x00D70CD9+2100441]
	GetHandleVerifier [0x00FDB75A+1396954]
	GetHandleVerifier [0x00FDB3D9+1396057]
	GetHandleVerifier [0x00FE7126+1444518]
	GetHandleVerifier [0x00FDBCE8+1398376]
	Ordinal0 [0x00D67F51+2064209]
	Ordinal0 [0x00D722EB+2106091]
	Ordinal0 [0x00D72411+2106385]
	Ordinal0 [0x00D849C4+2181572]
	BaseThreadInitThunk [0x76E06359+25]
	RtlGetAppContainerNamedObjectPath [0x77C67C24+228]
	RtlGetAppContainerNamedObjectPath [0x77C67BF4+180]
">
      <![CDATA[org.openqa.selenium.WebDriverException: chrome not reachable
Build info: version: '3.141.59', revision: 'e82be7d358', time: '2018-11-14T08:17:03'
System info: host: 'LAPTOP-EP5F0OPV', ip: '192.168.43.70', os.name: 'Windows 10', os.arch: 'amd64', os.version: '10.0', java.version: '1.8.0_261'
Driver info: driver.version: ChromeDriver
remote stacktrace: Backtrace:
Ordinal0 [0x00E6D383+3134339]
Ordinal0 [0x00D5A171+2007409]
Ordinal0 [0x00BFAD90+568720]
Ordinal0 [0x00BF1294+529044]
Ordinal0 [0x00B80F78+69496]
Ordinal0 [0x00B7CC63+52323]
Ordinal0 [0x00BA0DFC+200188]
Ordinal0 [0x00BA0C1D+199709]
Ordinal0 [0x00B9EB0B+191243]
Ordinal0 [0x00B82E77+77431]
Ordinal0 [0x00B83E3E+81470]
Ordinal0 [0x00B83DC9+81353]
Ordinal0 [0x00D70CD9+2100441]
GetHandleVerifier [0x00FDB75A+1396954]
GetHandleVerifier [0x00FDB3D9+1396057]
GetHandleVerifier [0x00FE7126+1444518]
GetHandleVerifier [0x00FDBCE8+1398376]
Ordinal0 [0x00D67F51+2064209]
Ordinal0 [0x00D722EB+2106091]
Ordinal0 [0x00D72411+2106385]
Ordinal0 [0x00D849C4+2181572]
BaseThreadInitThunk [0x76E06359+25]
RtlGetAppContainerNamedObjectPath [0x77C67C24+228]
RtlGetAppContainerNamedObjectPath [0x77C67BF4+180]

at sun.reflect.NativeConstructorAccessorImpl.newInstance0(Native Method)
at sun.reflect.NativeConstructorAccessorImpl.newInstance(Unknown Source)
at sun.reflect.DelegatingConstructorAccessorImpl.newInstance(Unknown Source)
at java.lang.reflect.Constructor.newInstance(Unknown Source)
at org.openqa.selenium.remote.W3CHandshakeResponse.lambda$errorHandler$0(W3CHandshakeResponse.java:62)
at org.openqa.selenium.remote.HandshakeResponse.lambda$getResponseFunction$0(HandshakeResponse.java:30)
at org.openqa.selenium.remote.ProtocolHandshake.lambda$createSession$0(ProtocolHandshake.java:126)
at java.util.stream.ReferencePipeline$3$1.accept(Unknown Source)
at java.util.Spliterators$ArraySpliterator.tryAdvance(Unknown Source)
at java.util.stream.ReferencePipeline.forEachWithCancel(Unknown Source)
at java.util.stream.AbstractPipeline.copyIntoWithCancel(Unknown Source)
at java.util.stream.AbstractPipeline.copyInto(Unknown Source)
at java.util.stream.AbstractPipeline.wrapAndCopyInto(Unknown Source)
at java.util.stream.FindOps$FindOp.evaluateSequential(Unknown Source)
at java.util.stream.AbstractPipeline.evaluate(Unknown Source)
at java.util.stream.ReferencePipeline.findFirst(Unknown Source)
at org.openqa.selenium.remote.ProtocolHandshake.createSession(ProtocolHandshake.java:128)
at org.openqa.selenium.remote.ProtocolHandshake.createSession(ProtocolHandshake.java:74)
at org.openqa.selenium.remote.HttpCommandExecutor.execute(HttpCommandExecutor.java:136)
at org.openqa.selenium.remote.service.DriverCommandExecutor.execute(DriverCommandExecutor.java:83)
at org.openqa.selenium.remote.RemoteWebDriver.execute(RemoteWebDriver.java:552)
at org.openqa.selenium.remote.RemoteWebDriver.startSession(RemoteWebDriver.java:213)
at org.openqa.selenium.remote.RemoteWebDriver.<init>(RemoteWebDriver.java:131)
at org.openqa.selenium.chrome.ChromeDriver.<init>(ChromeDriver.java:181)
at org.openqa.selenium.chrome.ChromeDriver.<init>(ChromeDriver.java:168)
at org.openqa.selenium.chrome.ChromeDriver.<init>(ChromeDriver.java:123)
at com.ust.assignment.pomframework.util.TestBaseImpl.setChromeDriver(TestBaseImpl.java:40)
at com.ust.assignment.pomframework.util.DriverInterface.setDriver(DriverInterface.java:10)
at com.ust.assignment.pomframework.util.TestBaseImpl.setUp(TestBaseImpl.java:48)
at sun.reflect.NativeMethodAccessorImpl.invoke0(Native Method)
at sun.reflect.NativeMethodAccessorImpl.invoke(Unknown Source)
at sun.reflect.DelegatingMethodAccessorImpl.invoke(Unknown Source)
at java.lang.reflect.Method.invoke(Unknown Source)
at org.testng.internal.MethodInvocationHelper.invokeMethod(MethodInvocationHelper.java:132)
at org.testng.internal.MethodInvocationHelper.invokeMethodConsideringTimeout(MethodInvocationHelper.java:61)
at org.testng.internal.ConfigInvoker.invokeConfigurationMethod(ConfigInvoker.java:366)
at org.testng.internal.ConfigInvoker.invokeConfigurations(ConfigInvoker.java:320)
at org.testng.SuiteRunner.privateRun(SuiteRunner.java:327)
at org.testng.SuiteRunner.run(SuiteRunner.java:286)
at org.testng.SuiteRunnerWorker.runSuite(SuiteRunnerWorker.java:53)
at org.testng.SuiteRunnerWorker.run(SuiteRunnerWorker.java:96)
at org.testng.TestNG.runSuitesSequentially(TestNG.java:1218)
at org.testng.TestNG.runSuitesLocally(TestNG.java:1140)
at org.testng.TestNG.runSuites(TestNG.java:1069)
at org.testng.TestNG.run(TestNG.java:1037)
at org.testng.remote.AbstractRemoteTestNG.run(AbstractRemoteTestNG.java:115)
at org.testng.remote.RemoteTestNG.initAndRun(RemoteTestNG.java:251)
at org.testng.remote.RemoteTestNG.main(RemoteTestNG.java:77)
]]>
    </error>
  </testcase> <!-- setUp -->
  <system-out/>
</testsuite> <!-- com.ust.assignment.pomframework.util.TestBaseImpl -->
